<?xml version="1.0" encoding="UTF-8"?>
<testsuite xmlns:xsi="http://www.w3.org/2001/XMLSchema-instance" xsi:noNamespaceSchemaLocation="https://maven.apache.org/surefire/maven-surefire-plugin/xsd/surefire-test-report.xsd" name="LeftLeaningRedBlackTreeTest" time="0.022" tests="7" errors="0" skipped="0" failures="0">
  <properties>
    <property name="java.specification.version" value="13"/>
    <property name="sun.cpu.isalist" value="amd64"/>
    <property name="sun.jnu.encoding" value="Cp1252"/>
    <property name="java.class.path" value="C:\Users\varad\Course Work\GC SSE\PSA\Github\LLRB1\LeftLeaningRedBlackTree\project1\project1\target\test-classes;C:\Users\varad\Course Work\GC SSE\PSA\Github\LLRB1\LeftLeaningRedBlackTree\project1\project1\target\classes;C:\Users\varad\.m2\repository\org\junit\jupiter\junit-jupiter-engine\5.4.0\junit-jupiter-engine-5.4.0.jar;C:\Users\varad\.m2\repository\org\apiguardian\apiguardian-api\1.0.0\apiguardian-api-1.0.0.jar;C:\Users\varad\.m2\repository\org\junit\platform\junit-platform-engine\1.4.0\junit-platform-engine-1.4.0.jar;C:\Users\varad\.m2\repository\org\opentest4j\opentest4j\1.1.1\opentest4j-1.1.1.jar;C:\Users\varad\.m2\repository\org\junit\platform\junit-platform-commons\1.4.0\junit-platform-commons-1.4.0.jar;C:\Users\varad\.m2\repository\org\junit\jupiter\junit-jupiter-api\5.4.0\junit-jupiter-api-5.4.0.jar;C:\Users\varad\.m2\repository\junit\junit-dep\4.8.2\junit-dep-4.8.2.jar;C:\Users\varad\.m2\repository\org\hamcrest\hamcrest-core\1.1\hamcrest-core-1.1.jar;"/>
    <property name="java.vm.vendor" value="Oracle Corporation"/>
    <property name="sun.arch.data.model" value="64"/>
    <property name="user.variant" value=""/>
    <property name="java.vendor.url" value="https://java.oracle.com/"/>
    <property name="user.timezone" value="America/New_York"/>
    <property name="os.name" value="Windows 10"/>
    <property name="java.vm.specification.version" value="13"/>
    <property name="user.country" value="US"/>
    <property name="sun.java.launcher" value="SUN_STANDARD"/>
    <property name="sun.boot.library.path" value="C:\Program Files\Java\jdk-13.0.2\bin"/>
    <property name="sun.java.command" value="C:\Users\varad\AppData\Local\Temp\surefire13284580289260585173\surefirebooter15990990126137901969.jar C:\Users\varad\AppData\Local\Temp\surefire13284580289260585173 2021-05-01T12-15-51_479-jvmRun1 surefire10670542215449209223tmp surefire_02371406261004548325tmp"/>
    <property name="jdk.debug" value="release"/>
    <property name="test" value="LeftLeaningRedBlackTreeTest"/>
    <property name="surefire.test.class.path" value="C:\Users\varad\Course Work\GC SSE\PSA\Github\LLRB1\LeftLeaningRedBlackTree\project1\project1\target\test-classes;C:\Users\varad\Course Work\GC SSE\PSA\Github\LLRB1\LeftLeaningRedBlackTree\project1\project1\target\classes;C:\Users\varad\.m2\repository\org\junit\jupiter\junit-jupiter-engine\5.4.0\junit-jupiter-engine-5.4.0.jar;C:\Users\varad\.m2\repository\org\apiguardian\apiguardian-api\1.0.0\apiguardian-api-1.0.0.jar;C:\Users\varad\.m2\repository\org\junit\platform\junit-platform-engine\1.4.0\junit-platform-engine-1.4.0.jar;C:\Users\varad\.m2\repository\org\opentest4j\opentest4j\1.1.1\opentest4j-1.1.1.jar;C:\Users\varad\.m2\repository\org\junit\platform\junit-platform-commons\1.4.0\junit-platform-commons-1.4.0.jar;C:\Users\varad\.m2\repository\org\junit\jupiter\junit-jupiter-api\5.4.0\junit-jupiter-api-5.4.0.jar;C:\Users\varad\.m2\repository\junit\junit-dep\4.8.2\junit-dep-4.8.2.jar;C:\Users\varad\.m2\repository\org\hamcrest\hamcrest-core\1.1\hamcrest-core-1.1.jar;"/>
    <property name="sun.cpu.endian" value="little"/>
    <property name="user.home" value="C:\Users\varad"/>
    <property name="user.language" value="en"/>
    <property name="java.specification.vendor" value="Oracle Corporation"/>
    <property name="java.version.date" value="2020-01-14"/>
    <property name="java.home" value="C:\Program Files\Java\jdk-13.0.2"/>
    <property name="file.separator" value="\"/>
    <property name="basedir" value="C:\Users\varad\Course Work\GC SSE\PSA\Github\LLRB1\LeftLeaningRedBlackTree\project1\project1"/>
    <property name="java.vm.compressedOopsMode" value="Zero based"/>
    <property name="line.separator" value="&#10;"/>
    <property name="java.vm.specification.vendor" value="Oracle Corporation"/>
    <property name="java.specification.name" value="Java Platform API Specification"/>
    <property name="surefire.real.class.path" value="C:\Users\varad\AppData\Local\Temp\surefire13284580289260585173\surefirebooter15990990126137901969.jar"/>
    <property name="user.script" value=""/>
    <property name="sun.management.compiler" value="HotSpot 64-Bit Tiered Compilers"/>
    <property name="java.runtime.version" value="13.0.2+8"/>
    <property name="user.name" value="varad"/>
    <property name="path.separator" value=";"/>
    <property name="os.version" value="10.0"/>
    <property name="java.runtime.name" value="Java(TM) SE Runtime Environment"/>
    <property name="file.encoding" value="UTF-8"/>
    <property name="java.vm.name" value="Java HotSpot(TM) 64-Bit Server VM"/>
    <property name="maven.ext.class.path" value="C:\Program Files\NetBeans-12.0\netbeans\java\maven-nblib\netbeans-eventspy.jar"/>
    <property name="localRepository" value="C:\Users\varad\.m2\repository"/>
    <property name="java.vendor.url.bug" value="https://bugreport.java.com/bugreport/"/>
    <property name="java.io.tmpdir" value="C:\Users\varad\AppData\Local\Temp\"/>
    <property name="java.version" value="13.0.2"/>
    <property name="user.dir" value="C:\Users\varad\Course Work\GC SSE\PSA\Github\LLRB1\LeftLeaningRedBlackTree\project1\project1"/>
    <property name="os.arch" value="amd64"/>
    <property name="java.vm.specification.name" value="Java Virtual Machine Specification"/>
    <property name="sun.os.patch.level" value=""/>
    <property name="java.library.path" value="C:\Program Files\Java\jdk-13.0.2\bin;C:\WINDOWS\Sun\Java\bin;C:\WINDOWS\system32;C:\WINDOWS;C:\Program Files (x86)\Common Files\Oracle\Java\javapath;C:\Program Files (x86)\Intel\iCLS Client\;C:\Program Files\Intel\iCLS Client\;C:\WINDOWS\system32;C:\WINDOWS;C:\WINDOWS\System32\Wbem;C:\WINDOWS\System32\WindowsPowerShell\v1.0\;C:\Program Files (x86)\Intel\Intel(R) Management Engine Components\DAL;C:\Program Files\Intel\Intel(R) Management Engine Components\DAL;C:\Program Files (x86)\Intel\Intel(R) Management Engine Components\IPT;C:\Program Files\Intel\Intel(R) Management Engine Components\IPT;C:\Program Files\Git\cmd;C:\WINDOWS\System32\OpenSSH\;C:\LINGO64_18\;;C:\PostgreSQL\pg11\bin;C:\Program Files\Intel\WiFi\bin\;C:\Program Files\Common Files\Intel\WirelessCommon\;C:\Program Files (x86)\Microsoft SQL Server\150\DTS\Binn\;C:\Program Files\MySQL\MySQL Shell 8.0\bin\;C:\Users\varad\AppData\Local\Microsoft\WindowsApps;C:\Users\varad\AppData\Local\GitHubDesktop\bin;C:\Program Files\Java\jdk1.8.0_191\bin;;C:\Users\varad\AppData\Local\Microsoft\WindowsApps;C:\Users\varad\AppData\Local\Programs\Microsoft VS Code\bin;."/>
    <property name="java.vm.info" value="mixed mode, sharing"/>
    <property name="java.vendor" value="Oracle Corporation"/>
    <property name="java.vm.version" value="13.0.2+8"/>
    <property name="sun.io.unicode.encoding" value="UnicodeLittle"/>
    <property name="java.class.version" value="57.0"/>
  </properties>
  <testcase name="test7_noRedLinkWhenElementsEnteredInOrder" classname="LeftLeaningRedBlackTreeTest" time="0.022"/>
  <testcase name="test1_successfulSearch" classname="LeftLeaningRedBlackTreeTest" time="0"/>
  <testcase name="test5_testFlipColors" classname="LeftLeaningRedBlackTreeTest" time="0"/>
  <testcase name="test3_testLeftRotateFunction" classname="LeftLeaningRedBlackTreeTest" time="0"/>
  <testcase name="test2_uncessfulSearch" classname="LeftLeaningRedBlackTreeTest" time="0"/>
  <testcase name="test4_testRightRotateFunction" classname="LeftLeaningRedBlackTreeTest" time="0"/>
  <testcase name="test6_RedLinkWhenElementsEnteredInRandomOrder" classname="LeftLeaningRedBlackTreeTest" time="0"/>
</testsuite>